<?xml version="1.0" encoding="UTF-8"?>
<testsuite name="Scenario: creation successful with correct username and password" tests="4" skipped="0" failures="0" errors="0" timestamp="2017-04-01T12:40:23" hostname="Arttu-PC" time="0.0">
  <properties/>
  <testcase name="Given command new user is selected" classname="Scenario: creation successful with correct username and password" time="0.0"/>
  <testcase name="When username &quot;abc&quot; and password &quot;salasana1&quot; are entered" classname="Scenario: creation successful with correct username and password" time="0.0"/>
  <testcase name="Then system will respond with &quot;new user registered&quot;" classname="Scenario: creation successful with correct username and password" time="0.0"/>
  <testcase name="classMethod" classname="Scenario: creation successful with correct username and password" time="0.016"/>
  <system-out><![CDATA[]]></system-out>
  <system-err><![CDATA[]]></system-err>
</testsuite>
